View_songs
View_albums
View_playlists
View_playlists
Created_new_Album
Created_new_Album
Add_song_to_album
Add_song_to_album
View_songs
View_albums
View_playlists
Created_new_Album
Add_song_to_album
Add_song_to_album
Create_playlist
Add_song_to_playlist
Add_song_to_playlist
Add_song_to_playlist
add_song_to_playlist
Add_album_to_playlist
Add_song_to_album
View_albums
Created_new_Album
Add_song_to_album
Add_song_to_album
View_albums
View_playlists
View_albums
delete_song_from_album
View_albums
play_song_through_playlist
save_and_exit
